0 info it worked if it ends with ok
1 verbose cli [ '/usr/local/bin/node', '/usr/local/bin/npm', 'publish' ]
2 info using npm@3.10.3
3 info using node@v6.6.0
4 verbose publish [ '.' ]
5 silly cache add args [ '.', null ]
6 verbose cache add spec .
7 silly cache add parsed spec Result {
7 silly cache add   raw: '.',
7 silly cache add   scope: null,
7 silly cache add   escapedName: null,
7 silly cache add   name: null,
7 silly cache add   rawSpec: '.',
7 silly cache add   spec: '/Users/dana/Dana-Files/NYU/Classes/Fall2016/AIT/hw/dgl264-final-project/mmixer',
7 silly cache add   type: 'directory' }
8 verbose addLocalDirectory /Users/dana/.npm/mmixer/0.0.0/package.tgz not in flight; packing
9 verbose correctMkdir /Users/dana/.npm correctMkdir not in flight; initializing
10 info lifecycle mmixer@0.0.0~prepublish: mmixer@0.0.0
11 silly lifecycle mmixer@0.0.0~prepublish: no script for prepublish, continuing
12 verbose tar pack [ '/Users/dana/.npm/mmixer/0.0.0/package.tgz',
12 verbose tar pack   '/Users/dana/Dana-Files/NYU/Classes/Fall2016/AIT/hw/dgl264-final-project/mmixer' ]
13 verbose tarball /Users/dana/.npm/mmixer/0.0.0/package.tgz
14 verbose folder /Users/dana/Dana-Files/NYU/Classes/Fall2016/AIT/hw/dgl264-final-project/mmixer
15 verbose addLocalTarball adding from inside cache /Users/dana/.npm/mmixer/0.0.0/package.tgz
16 verbose correctMkdir /Users/dana/.npm correctMkdir not in flight; initializing
17 silly cache afterAdd mmixer@0.0.0
18 verbose afterAdd /Users/dana/.npm/mmixer/0.0.0/package/package.json not in flight; writing
19 verbose correctMkdir /Users/dana/.npm correctMkdir not in flight; initializing
20 verbose afterAdd /Users/dana/.npm/mmixer/0.0.0/package/package.json written
21 silly publish { name: 'mmixer',
21 silly publish   version: '0.0.0',
21 silly publish   private: true,
21 silly publish   scripts:
21 silly publish    { publish: 'node NODE_ENV=PRODUCTION ./bin/www',
21 silly publish      start: 'nodemon ./bin/www',
21 silly publish      'build-css': './bin/build-css',
21 silly publish      'watch-css': './bin/watch-css' },
21 silly publish   dependencies:
21 silly publish    { 'body-parser': '~1.15.2',
21 silly publish      'config.json': '0.0.4',
21 silly publish      'cookie-parser': '~1.4.3',
21 silly publish      debug: '~2.2.0',
21 silly publish      express: '~4.14.0',
21 silly publish      fastpriorityqueue: '^0.1.0',
21 silly publish      hbs: '~4.0.1',
21 silly publish      mongoose: '^4.6.5',
21 silly publish      morgan: '~1.7.0',
21 silly publish      querystring: '^0.2.0',
21 silly publish      request: '^2.78.0',
21 silly publish      'serve-favicon': '~2.3.0',
21 silly publish      uuid: '^2.0.3' },
21 silly publish   devDependencies:
21 silly publish    { 'browser-request': '^0.3.3',
21 silly publish      jshint: '^2.9.4',
21 silly publish      'node-sass': '^3.13.0',
21 silly publish      nodemon: '^1.11.0' },
21 silly publish   readme: '# M.M.I.X.E.R\n\nAs someone who frequently listens to music, I want to discover more song. The\nidea behind M.M.I.X.E.R (pronounced "mixer") is to find new music based on the\nrecent songs people have been listening to.\n\n# Wireframe and Site Map\n![alt\ntext](https://github.com/nyu-csci-ua-0480-001-fall-2016/dgl264-final-project/blob/master/projImg/wireframe.JPG)\n\n# Requirements\n- Spotify API (+5)\n  - [Get current user profile](https://developer.spotify.com/web-api/get-current-users-profile/)\n  - [Get track](https://developer.spotify.com/web-api/get-track/), for the track `id`\n  - [Spotify play button](https://developer.spotify.com/technologies/widgets/spotify-play-button/) => Use the track id to render all tracks\n  - [Get users top artists or tracks](https://developer.spotify.com/web-api/get-users-top-artists-and-tracks/)\n  - [Get artist](https://developer.spotify.com/web-api/get-artist/)\n- PaperJS or D3.JS for visualizing the genres\n- Svg Manipulation (+6)\n- MongoDB to store users\n- AnimeJS\n- NodeJS\n- HTML and CSS (duh)\n- CSS Animations\n- node-sass (+1)\n- Sass (+3)\n- React (maybe)\n- Handlebars\n',
21 silly publish   readmeFilename: 'README.md',
21 silly publish   gitHead: '2e3c3f08fb7313666396df43b5af6381f4afa300',
21 silly publish   description: 'As someone who frequently listens to music, I want to discover more song. The idea behind M.M.I.X.E.R (pronounced "mixer") is to find new music based on the recent songs people have been listening to.',
21 silly publish   _id: 'mmixer@0.0.0',
21 silly publish   _shasum: 'b1c302d67c62bd13b47f9e1048e7dcb986a7684b',
21 silly publish   _from: '.' }
22 verbose getPublishConfig undefined
23 verbose stack Error: This package has been marked as private
23 verbose stack Remove the 'private' field from the package.json to publish it.
23 verbose stack     at publish_ (/usr/local/lib/node_modules/npm/lib/publish.js:101:15)
23 verbose stack     at Array.<anonymous> (/usr/local/lib/node_modules/npm/node_modules/slide/lib/bind-actor.js:15:8)
23 verbose stack     at LOOP (/usr/local/lib/node_modules/npm/node_modules/slide/lib/chain.js:15:14)
23 verbose stack     at LOOP (/usr/local/lib/node_modules/npm/node_modules/slide/lib/chain.js:14:28)
23 verbose stack     at chain (/usr/local/lib/node_modules/npm/node_modules/slide/lib/chain.js:20:5)
23 verbose stack     at /usr/local/lib/node_modules/npm/lib/publish.js:73:5
23 verbose stack     at RES (/usr/local/lib/node_modules/npm/node_modules/inflight/inflight.js:23:14)
23 verbose stack     at f (/usr/local/lib/node_modules/npm/node_modules/once/once.js:17:25)
23 verbose stack     at /usr/local/lib/node_modules/npm/lib/cache.js:363:16
23 verbose stack     at /usr/local/lib/node_modules/npm/node_modules/write-file-atomic/index.js:29:9
24 verbose cwd /Users/dana/Dana-Files/NYU/Classes/Fall2016/AIT/hw/dgl264-final-project/mmixer
25 error Darwin 15.6.0
26 error argv "/usr/local/bin/node" "/usr/local/bin/npm" "publish"
27 error node v6.6.0
28 error npm  v3.10.3
29 error This package has been marked as private
29 error Remove the 'private' field from the package.json to publish it.
30 error If you need help, you may report this error at:
30 error     <https://github.com/npm/npm/issues>
31 verbose exit [ 1, true ]
